<?xml version="1.0" encoding="UTF-8"?>
<coverage generated="1706811736698" clover="3.2.0">
  <project timestamp="1706811736698" name="All files">
    <metrics statements="60" coveredstatements="43" conditionals="18" coveredconditionals="10" methods="12" coveredmethods="9" elements="90" coveredelements="62" complexity="0" loc="60" ncloc="60" packages="1" files="4" classes="4"/>
    <file name="file.js" path="/Users/valdisbjarnadottir/Desktop/vef2-2024-v1/src/lib/file.js">
      <metrics statements="31" coveredstatements="27" conditionals="12" coveredconditionals="7" methods="5" coveredmethods="4"/>
      <line num="10" count="3" type="cond" truecount="2" falsecount="0"/>
      <line num="11" count="1" type="stmt"/>
      <line num="14" count="2" type="stmt"/>
      <line num="15" count="2" type="stmt"/>
      <line num="16" count="1" type="stmt"/>
      <line num="18" count="1" type="stmt"/>
      <line num="23" count="0" type="cond" truecount="0" falsecount="2"/>
      <line num="24" count="0" type="stmt"/>
      <line num="35" count="2" type="stmt"/>
      <line num="37" count="2" type="stmt"/>
      <line num="38" count="2" type="stmt"/>
      <line num="40" count="1" type="stmt"/>
      <line num="41" count="1" type="stmt"/>
      <line num="44" count="1" type="stmt"/>
      <line num="45" count="2" type="stmt"/>
      <line num="47" count="2" type="stmt"/>
      <line num="50" count="2" type="cond" truecount="1" falsecount="1"/>
      <line num="52" count="0" type="stmt"/>
      <line num="55" count="2" type="cond" truecount="1" falsecount="1"/>
      <line num="57" count="2" type="stmt"/>
      <line num="60" count="0" type="stmt"/>
      <line num="64" count="1" type="stmt"/>
      <line num="68" count="1" type="stmt"/>
      <line num="69" count="1" type="stmt"/>
      <line num="70" count="2" type="cond" truecount="1" falsecount="1"/>
      <line num="71" count="2" type="stmt"/>
      <line num="76" count="1" type="stmt"/>
      <line num="86" count="2" type="stmt"/>
      <line num="87" count="2" type="stmt"/>
      <line num="89" count="1" type="stmt"/>
      <line num="91" count="1" type="stmt"/>
    </file>
    <file name="html.js" path="/Users/valdisbjarnadottir/Desktop/vef2-2024-v1/src/lib/html.js">
      <metrics statements="13" coveredstatements="5" conditionals="0" coveredconditionals="0" methods="4" coveredmethods="2"/>
      <line num="2" count="1" type="stmt"/>
      <line num="12" count="1" type="stmt"/>
      <line num="16" count="1" type="stmt"/>
      <line num="17" count="1" type="stmt"/>
      <line num="26" count="1" type="stmt"/>
      <line num="30" count="0" type="stmt"/>
      <line num="31" count="0" type="stmt"/>
      <line num="32" count="0" type="stmt"/>
      <line num="38" count="0" type="stmt"/>
      <line num="42" count="0" type="stmt"/>
      <line num="43" count="0" type="stmt"/>
      <line num="44" count="0" type="stmt"/>
      <line num="49" count="0" type="stmt"/>
    </file>
    <file name="parse.js" path="/Users/valdisbjarnadottir/Desktop/vef2-2024-v1/src/lib/parse.js">
      <metrics statements="15" coveredstatements="10" conditionals="6" coveredconditionals="3" methods="2" coveredmethods="2"/>
      <line num="2" count="1" type="stmt"/>
      <line num="13" count="2" type="stmt"/>
      <line num="14" count="2" type="stmt"/>
      <line num="16" count="1" type="stmt"/>
      <line num="17" count="1" type="stmt"/>
      <line num="20" count="1" type="cond" truecount="1" falsecount="1"/>
      <line num="21" count="0" type="stmt"/>
      <line num="22" count="0" type="stmt"/>
      <line num="25" count="1" type="cond" truecount="1" falsecount="1"/>
      <line num="26" count="0" type="stmt"/>
      <line num="27" count="0" type="stmt"/>
      <line num="30" count="1" type="cond" truecount="1" falsecount="1"/>
      <line num="31" count="1" type="stmt"/>
      <line num="32" count="1" type="stmt"/>
      <line num="35" count="0" type="stmt"/>
    </file>
    <file name="score.js" path="/Users/valdisbjarnadottir/Desktop/vef2-2024-v1/src/lib/score.js">
      <metrics statements="1" coveredstatements="1" conditionals="0" coveredconditionals="0" methods="1" coveredmethods="1"/>
      <line num="2" count="1" type="stmt"/>
    </file>
  </project>
</coverage>
