{"/Users/valdisbjarnadottir/Desktop/vef2-2024-v1/src/lib/file.js": {"path":"/Users/valdisbjarnadottir/Desktop/vef2-2024-v1/src/lib/file.js","statementMap":{"0":{"start":{"line":10,"column":2},"end":{"line":12,"column":3}},"1":{"start":{"line":11,"column":4},"end":{"line":11,"column":17}},"2":{"start":{"line":14,"column":2},"end":{"line":19,"column":3}},"3":{"start":{"line":15,"column":17},"end":{"line":15,"column":32}},"4":{"start":{"line":16,"column":4},"end":{"line":16,"column":30}},"5":{"start":{"line":18,"column":4},"end":{"line":18,"column":17}},"6":{"start":{"line":23,"column":2},"end":{"line":25,"column":3}},"7":{"start":{"line":24,"column":4},"end":{"line":24,"column":21}},"8":{"start":{"line":35,"column":14},"end":{"line":35,"column":16}},"9":{"start":{"line":37,"column":2},"end":{"line":42,"column":3}},"10":{"start":{"line":38,"column":4},"end":{"line":38,"column":31}},"11":{"start":{"line":40,"column":4},"end":{"line":40,"column":30}},"12":{"start":{"line":41,"column":4},"end":{"line":41,"column":14}},"13":{"start":{"line":44,"column":17},"end":{"line":61,"column":4}},"14":{"start":{"line":45,"column":17},"end":{"line":45,"column":32}},"15":{"start":{"line":47,"column":17},"end":{"line":47,"column":33}},"16":{"start":{"line":50,"column":4},"end":{"line":53,"column":5}},"17":{"start":{"line":52,"column":6},"end":{"line":52,"column":18}},"18":{"start":{"line":55,"column":4},"end":{"line":58,"column":5}},"19":{"start":{"line":57,"column":6},"end":{"line":57,"column":18}},"20":{"start":{"line":60,"column":4},"end":{"line":60,"column":16}},"21":{"start":{"line":64,"column":19},"end":{"line":64,"column":44}},"22":{"start":{"line":68,"column":19},"end":{"line":68,"column":21}},"23":{"start":{"line":69,"column":2},"end":{"line":73,"column":3}},"24":{"start":{"line":70,"column":4},"end":{"line":72,"column":5}},"25":{"start":{"line":71,"column":6},"end":{"line":71,"column":26}},"26":{"start":{"line":76,"column":2},"end":{"line":76,"column":18}},"27":{"start":{"line":86,"column":2},"end":{"line":92,"column":3}},"28":{"start":{"line":87,"column":20},"end":{"line":87,"column":56}},"29":{"start":{"line":89,"column":4},"end":{"line":89,"column":38}},"30":{"start":{"line":91,"column":4},"end":{"line":91,"column":16}}},"fnMap":{"0":{"name":"direxists","decl":{"start":{"line":9,"column":22},"end":{"line":9,"column":31}},"loc":{"start":{"line":9,"column":37},"end":{"line":20,"column":1}},"line":9},"1":{"name":"createDirIfNotExists","decl":{"start":{"line":22,"column":22},"end":{"line":22,"column":42}},"loc":{"start":{"line":22,"column":48},"end":{"line":26,"column":1}},"line":22},"2":{"name":"readFilesFromDir","decl":{"start":{"line":34,"column":22},"end":{"line":34,"column":38}},"loc":{"start":{"line":34,"column":44},"end":{"line":77,"column":1}},"line":34},"3":{"name":"(anonymous_3)","decl":{"start":{"line":44,"column":27},"end":{"line":44,"column":28}},"loc":{"start":{"line":44,"column":43},"end":{"line":61,"column":3}},"line":44},"4":{"name":"readFile","decl":{"start":{"line":85,"column":22},"end":{"line":85,"column":30}},"loc":{"start":{"line":85,"column":65},"end":{"line":93,"column":1}},"line":85}},"branchMap":{"0":{"loc":{"start":{"line":10,"column":2},"end":{"line":12,"column":3}},"type":"if","locations":[{"start":{"line":10,"column":2},"end":{"line":12,"column":3}},{"start":{},"end":{}}],"line":10},"1":{"loc":{"start":{"line":23,"column":2},"end":{"line":25,"column":3}},"type":"if","locations":[{"start":{"line":23,"column":2},"end":{"line":25,"column":3}},{"start":{},"end":{}}],"line":23},"2":{"loc":{"start":{"line":50,"column":4},"end":{"line":53,"column":5}},"type":"if","locations":[{"start":{"line":50,"column":4},"end":{"line":53,"column":5}},{"start":{},"end":{}}],"line":50},"3":{"loc":{"start":{"line":55,"column":4},"end":{"line":58,"column":5}},"type":"if","locations":[{"start":{"line":55,"column":4},"end":{"line":58,"column":5}},{"start":{},"end":{}}],"line":55},"4":{"loc":{"start":{"line":70,"column":4},"end":{"line":72,"column":5}},"type":"if","locations":[{"start":{"line":70,"column":4},"end":{"line":72,"column":5}},{"start":{},"end":{}}],"line":70},"5":{"loc":{"start":{"line":85,"column":37},"end":{"line":85,"column":63}},"type":"default-arg","locations":[{"start":{"line":85,"column":61},"end":{"line":85,"column":63}}],"line":85},"6":{"loc":{"start":{"line":85,"column":39},"end":{"line":85,"column":56}},"type":"default-arg","locations":[{"start":{"line":85,"column":50},"end":{"line":85,"column":56}}],"line":85}},"s":{"0":3,"1":1,"2":2,"3":2,"4":1,"5":1,"6":0,"7":0,"8":2,"9":2,"10":2,"11":1,"12":1,"13":1,"14":2,"15":2,"16":2,"17":0,"18":2,"19":2,"20":0,"21":1,"22":1,"23":1,"24":2,"25":2,"26":1,"27":2,"28":2,"29":1,"30":1},"f":{"0":3,"1":0,"2":2,"3":2,"4":2},"b":{"0":[1,2],"1":[0,0],"2":[0,2],"3":[2,0],"4":[2,0],"5":[2],"6":[2]},"_coverageSchema":"1a1c01bbd47fc00a2c39e90264f33305004495a9","hash":"cfe959d0eb17ca5c7ff07d2a1735d40685c2899d"}
,"/Users/valdisbjarnadottir/Desktop/vef2-2024-v1/src/lib/html.js": {"path":"/Users/valdisbjarnadottir/Desktop/vef2-2024-v1/src/lib/html.js","statementMap":{"0":{"start":{"line":2,"column":26},"end":{"line":10,"column":10}},"1":{"start":{"line":12,"column":2},"end":{"line":12,"column":14}},"2":{"start":{"line":16,"column":16},"end":{"line":16,"column":39}},"3":{"start":{"line":17,"column":26},"end":{"line":24,"column":13}},"4":{"start":{"line":26,"column":2},"end":{"line":26,"column":31}},"5":{"start":{"line":30,"column":16},"end":{"line":30,"column":38}},"6":{"start":{"line":31,"column":24},"end":{"line":31,"column":44}},"7":{"start":{"line":32,"column":26},"end":{"line":36,"column":13}},"8":{"start":{"line":38,"column":2},"end":{"line":38,"column":31}},"9":{"start":{"line":42,"column":16},"end":{"line":42,"column":38}},"10":{"start":{"line":43,"column":20},"end":{"line":43,"column":36}},"11":{"start":{"line":44,"column":26},"end":{"line":48,"column":13}},"12":{"start":{"line":49,"column":2},"end":{"line":49,"column":31}}},"fnMap":{"0":{"name":"template","decl":{"start":{"line":1,"column":9},"end":{"line":1,"column":17}},"loc":{"start":{"line":1,"column":31},"end":{"line":13,"column":1}},"line":1},"1":{"name":"indexTemplate","decl":{"start":{"line":15,"column":16},"end":{"line":15,"column":29}},"loc":{"start":{"line":15,"column":32},"end":{"line":27,"column":1}},"line":15},"2":{"name":"stadaTemplate","decl":{"start":{"line":29,"column":16},"end":{"line":29,"column":29}},"loc":{"start":{"line":29,"column":41},"end":{"line":39,"column":1}},"line":29},"3":{"name":"leikirTemplate","decl":{"start":{"line":41,"column":16},"end":{"line":41,"column":30}},"loc":{"start":{"line":41,"column":38},"end":{"line":50,"column":1}},"line":41}},"branchMap":{},"s":{"0":1,"1":1,"2":1,"3":1,"4":1,"5":0,"6":0,"7":0,"8":0,"9":0,"10":0,"11":0,"12":0},"f":{"0":1,"1":1,"2":0,"3":0},"b":{},"_coverageSchema":"1a1c01bbd47fc00a2c39e90264f33305004495a9","hash":"678226cdddb1167f0f76a32658d29e0ba64fd62c"}
,"/Users/valdisbjarnadottir/Desktop/vef2-2024-v1/src/lib/parse.js": {"path":"/Users/valdisbjarnadottir/Desktop/vef2-2024-v1/src/lib/parse.js","statementMap":{"0":{"start":{"line":2,"column":2},"end":{"line":2,"column":26}},"1":{"start":{"line":13,"column":2},"end":{"line":18,"column":3}},"2":{"start":{"line":14,"column":4},"end":{"line":14,"column":30}},"3":{"start":{"line":16,"column":4},"end":{"line":16,"column":37}},"4":{"start":{"line":17,"column":4},"end":{"line":17,"column":16}},"5":{"start":{"line":20,"column":2},"end":{"line":23,"column":3}},"6":{"start":{"line":21,"column":4},"end":{"line":21,"column":49}},"7":{"start":{"line":22,"column":4},"end":{"line":22,"column":16}},"8":{"start":{"line":25,"column":2},"end":{"line":28,"column":3}},"9":{"start":{"line":26,"column":4},"end":{"line":26,"column":40}},"10":{"start":{"line":27,"column":4},"end":{"line":27,"column":16}},"11":{"start":{"line":30,"column":2},"end":{"line":33,"column":3}},"12":{"start":{"line":31,"column":4},"end":{"line":31,"column":40}},"13":{"start":{"line":32,"column":4},"end":{"line":32,"column":16}},"14":{"start":{"line":35,"column":2},"end":{"line":35,"column":16}}},"fnMap":{"0":{"name":"parseTeamsJson","decl":{"start":{"line":1,"column":16},"end":{"line":1,"column":30}},"loc":{"start":{"line":1,"column":37},"end":{"line":3,"column":1}},"line":1},"1":{"name":"parseGameday","decl":{"start":{"line":11,"column":16},"end":{"line":11,"column":28}},"loc":{"start":{"line":11,"column":35},"end":{"line":36,"column":1}},"line":11}},"branchMap":{"0":{"loc":{"start":{"line":20,"column":2},"end":{"line":23,"column":3}},"type":"if","locations":[{"start":{"line":20,"column":2},"end":{"line":23,"column":3}},{"start":{},"end":{}}],"line":20},"1":{"loc":{"start":{"line":25,"column":2},"end":{"line":28,"column":3}},"type":"if","locations":[{"start":{"line":25,"column":2},"end":{"line":28,"column":3}},{"start":{},"end":{}}],"line":25},"2":{"loc":{"start":{"line":30,"column":2},"end":{"line":33,"column":3}},"type":"if","locations":[{"start":{"line":30,"column":2},"end":{"line":33,"column":3}},{"start":{},"end":{}}],"line":30}},"s":{"0":1,"1":2,"2":2,"3":1,"4":1,"5":1,"6":0,"7":0,"8":1,"9":0,"10":0,"11":1,"12":1,"13":1,"14":0},"f":{"0":1,"1":2},"b":{"0":[0,1],"1":[0,1],"2":[1,0]},"_coverageSchema":"1a1c01bbd47fc00a2c39e90264f33305004495a9","hash":"500051484f29f360872545e38e7ee785d13ce120"}
,"/Users/valdisbjarnadottir/Desktop/vef2-2024-v1/src/lib/score.js": {"path":"/Users/valdisbjarnadottir/Desktop/vef2-2024-v1/src/lib/score.js","statementMap":{"0":{"start":{"line":2,"column":2},"end":{"line":2,"column":21}}},"fnMap":{"0":{"name":"calculateStandings","decl":{"start":{"line":1,"column":16},"end":{"line":1,"column":34}},"loc":{"start":{"line":1,"column":41},"end":{"line":3,"column":1}},"line":1}},"branchMap":{},"s":{"0":1},"f":{"0":1},"b":{},"_coverageSchema":"1a1c01bbd47fc00a2c39e90264f33305004495a9","hash":"76fab7ee73dce1c5e6645e4490de7077227f671d"}
}
