TN:
SF:src/lib/file.js
FN:9,direxists
FN:22,createDirIfNotExists
FN:34,readFilesFromDir
FN:44,(anonymous_3)
FN:85,readFile
FNF:5
FNH:4
FNDA:3,direxists
FNDA:0,createDirIfNotExists
FNDA:2,readFilesFromDir
FNDA:2,(anonymous_3)
FNDA:2,readFile
DA:10,3
DA:11,1
DA:14,2
DA:15,2
DA:16,1
DA:18,1
DA:23,0
DA:24,0
DA:35,2
DA:37,2
DA:38,2
DA:40,1
DA:41,1
DA:44,1
DA:45,2
DA:47,2
DA:50,2
DA:52,0
DA:55,2
DA:57,2
DA:60,0
DA:64,1
DA:68,1
DA:69,1
DA:70,2
DA:71,2
DA:76,1
DA:86,2
DA:87,2
DA:89,1
DA:91,1
LF:31
LH:27
BRDA:10,0,0,1
BRDA:10,0,1,2
BRDA:23,1,0,0
BRDA:23,1,1,0
BRDA:50,2,0,0
BRDA:50,2,1,2
BRDA:55,3,0,2
BRDA:55,3,1,0
BRDA:70,4,0,2
BRDA:70,4,1,0
BRDA:85,5,0,2
BRDA:85,6,0,2
BRF:12
BRH:7
end_of_record
TN:
SF:src/lib/html.js
FN:1,template
FN:15,indexTemplate
FN:29,stadaTemplate
FN:41,leikirTemplate
FNF:4
FNH:2
FNDA:1,template
FNDA:1,indexTemplate
FNDA:0,stadaTemplate
FNDA:0,leikirTemplate
DA:2,1
DA:12,1
DA:16,1
DA:17,1
DA:26,1
DA:30,0
DA:31,0
DA:32,0
DA:38,0
DA:42,0
DA:43,0
DA:44,0
DA:49,0
LF:13
LH:5
BRF:0
BRH:0
end_of_record
TN:
SF:src/lib/parse.js
FN:1,parseTeamsJson
FN:11,parseGameday
FNF:2
FNH:2
FNDA:1,parseTeamsJson
FNDA:2,parseGameday
DA:2,1
DA:13,2
DA:14,2
DA:16,1
DA:17,1
DA:20,1
DA:21,0
DA:22,0
DA:25,1
DA:26,0
DA:27,0
DA:30,1
DA:31,1
DA:32,1
DA:35,0
LF:15
LH:10
BRDA:20,0,0,0
BRDA:20,0,1,1
BRDA:25,1,0,0
BRDA:25,1,1,1
BRDA:30,2,0,1
BRDA:30,2,1,0
BRF:6
BRH:3
end_of_record
TN:
SF:src/lib/score.js
FN:1,calculateStandings
FNF:1
FNH:1
FNDA:1,calculateStandings
DA:2,1
LF:1
LH:1
BRF:0
BRH:0
end_of_record
